GROUP,PACKAGE,CLASS,INSTRUCTION_MISSED,INSTRUCTION_COVERED,BRANCH_MISSED,BRANCH_COVERED,LINE_MISSED,LINE_COVERED,COMPLEXITY_MISSED,COMPLEXITY_COVERED,METHOD_MISSED,METHOD_COVERED
app,hexlet.code.formatter,Stylish,24,56,3,4,6,12,4,3,1,1
app,hexlet.code.formatter,Plain,37,131,6,15,13,31,7,8,1,2
app,hexlet.code.formatter,Json,3,10,0,0,1,3,1,1,1,1
app,hexlet.code,Differ,15,74,2,6,3,16,3,4,1,2
app,hexlet.code,Parser.new TypeReference() {...},0,3,0,0,0,1,0,1,0,1
app,hexlet.code,Parser,9,66,1,5,2,15,2,5,1,3
app,hexlet.code,App,32,0,0,0,8,0,3,0,3,0
app,hexlet.code,Parser.new TypeReference() {...},0,3,0,0,0,1,0,1,0,1
app,hexlet.code,Formatter,8,21,1,3,2,4,2,3,1,1
